<?xml version="1.0" encoding="UTF-8"?>
<!-- Generated by org.testng.reporters.JUnitXMLReporter -->
<testsuite ignored="2" hostname="sireesha-HP-Laptop-15s-eq2xxx" failures="0" tests="1" name="Default test" time="3.895" errors="0" timestamp="2025-02-27T16:31:13 IST">
  <testcase classname="com.rest.RestAssured.RestDemo" name="getUser" time="3.838"/>
  <testcase classname="com.rest.RestAssured.RestDemo" name="updateUser" time="0.0">
    <ignored/>
  </testcase> <!-- updateUser -->
  <testcase classname="com.rest.RestAssured.RestDemo" name="createUser" time="0.0">
    <ignored/>
  </testcase> <!-- createUser -->
</testsuite> <!-- Default test -->
