<?xml version="1.0" encoding="UTF-8"?>
<testng-results ignored="0" total="3" passed="3" failed="0" skipped="0">
  <reporter-output>
  </reporter-output>
  <suite started-at="2025-03-06T17:16:09 IST" name="Default suite" finished-at="2025-03-06T17:17:09 IST" duration-ms="59780">
    <groups>
    </groups>
    <test started-at="2025-03-06T17:16:09 IST" name="Default test" finished-at="2025-03-06T17:17:09 IST" duration-ms="59780">
      <class name="com.mystore.ProductDetailsTest">
        <test-method is-config="true" signature="setup()[pri:0, instance:com.mystore.ProductDetailsTest@72967906]" started-at="2025-03-06T17:16:09 IST" name="setup" finished-at="2025-03-06T17:16:17 IST" duration-ms="8175" status="PASS">
          <reporter-output>
          </reporter-output>
        </test-method> <!-- setup -->
        <test-method signature="login()[pri:1, instance:com.mystore.ProductDetailsTest@72967906]" started-at="2025-03-06T17:16:17 IST" name="login" finished-at="2025-03-06T17:16:44 IST" duration-ms="26481" status="PASS">
          <reporter-output>
          </reporter-output>
        </test-method> <!-- login -->
        <test-method signature="searchFunction()[pri:0, instance:com.mystore.ProductDetailsTest@72967906]" started-at="2025-03-06T17:16:44 IST" name="searchFunction" finished-at="2025-03-06T17:17:03 IST" depends-on-methods="com.mystore.ProductDetailsTest.login" duration-ms="19502" status="PASS">
          <reporter-output>
          </reporter-output>
        </test-method> <!-- searchFunction -->
        <test-method signature="productDetails()[pri:0, instance:com.mystore.ProductDetailsTest@72967906]" started-at="2025-03-06T17:17:03 IST" name="productDetails" finished-at="2025-03-06T17:17:09 IST" depends-on-methods="com.mystore.ProductDetailsTest.searchFunction" duration-ms="5548" status="PASS">
          <reporter-output>
          </reporter-output>
        </test-method> <!-- productDetails -->
      </class> <!-- com.mystore.ProductDetailsTest -->
    </test> <!-- Default test -->
  </suite> <!-- Default suite -->
</testng-results>
