<?xml version="1.0" encoding="UTF-8"?>
<!-- Generated by org.testng.reporters.JUnitXMLReporter -->
<testsuite ignored="0" hostname="sireesha-HP-Laptop-15s-eq2xxx" failures="0" tests="3" name="Default test" time="59.78" errors="0" timestamp="2025-03-06T17:17:09 IST">
  <testcase classname="com.mystore.ProductDetailsTest" name="login" time="26.481"/>
  <testcase classname="com.mystore.ProductDetailsTest" name="searchFunction" time="19.502"/>
  <testcase classname="com.mystore.ProductDetailsTest" name="productDetails" time="5.548"/>
</testsuite> <!-- Default test -->
